2017-09-17 07:33:19,893 [main] (Application.java:22) INFO  run.Application  - Application Started
2017-09-17 07:34:23,633 [main] (Application.java:22) INFO  run.Application  - Application Started
2017-09-17 07:34:23,635 [main] (Board.java:133) DEBUG beans.Board  - A1
2017-09-17 07:34:23,635 [main] (Board.java:133) DEBUG beans.Board  - A2
2017-09-17 07:34:23,635 [main] (Board.java:133) DEBUG beans.Board  - A3
2017-09-17 07:34:23,635 [main] (Board.java:133) DEBUG beans.Board  - A4
2017-09-17 07:34:23,636 [main] (Board.java:133) DEBUG beans.Board  - A5
2017-09-17 07:34:23,636 [main] (Board.java:133) DEBUG beans.Board  - A6
2017-09-17 07:34:23,637 [main] (Board.java:133) DEBUG beans.Board  - B1
2017-09-17 07:34:23,637 [main] (Board.java:133) DEBUG beans.Board  - B2
2017-09-17 07:34:23,637 [main] (Board.java:133) DEBUG beans.Board  - B3
2017-09-17 07:34:23,637 [main] (Board.java:133) DEBUG beans.Board  - B4
2017-09-17 07:34:23,637 [main] (Board.java:133) DEBUG beans.Board  - B5
2017-09-17 07:34:23,637 [main] (Board.java:133) DEBUG beans.Board  - B6
2017-09-17 07:34:23,637 [main] (Board.java:133) DEBUG beans.Board  - C1
2017-09-17 07:34:23,637 [main] (Board.java:133) DEBUG beans.Board  - C2
2017-09-17 07:34:23,637 [main] (Board.java:133) DEBUG beans.Board  - C3
2017-09-17 07:34:23,638 [main] (Board.java:133) DEBUG beans.Board  - C4
2017-09-17 07:34:23,638 [main] (Board.java:133) DEBUG beans.Board  - C5
2017-09-17 07:34:23,638 [main] (Board.java:133) DEBUG beans.Board  - C6
2017-09-17 07:34:23,638 [main] (Board.java:133) DEBUG beans.Board  - D1
2017-09-17 07:34:23,638 [main] (Board.java:133) DEBUG beans.Board  - D2
2017-09-17 07:34:23,639 [main] (Board.java:133) DEBUG beans.Board  - D3
2017-09-17 07:34:23,639 [main] (Board.java:133) DEBUG beans.Board  - D4
2017-09-17 07:34:23,639 [main] (Board.java:133) DEBUG beans.Board  - D5
2017-09-17 07:34:23,639 [main] (Board.java:133) DEBUG beans.Board  - D6
2017-09-17 07:34:23,639 [main] (Board.java:133) DEBUG beans.Board  - E1
2017-09-17 07:34:23,639 [main] (Board.java:133) DEBUG beans.Board  - E2
2017-09-17 07:34:23,639 [main] (Board.java:133) DEBUG beans.Board  - E3
2017-09-17 07:34:23,639 [main] (Board.java:133) DEBUG beans.Board  - E4
2017-09-17 07:34:23,639 [main] (Board.java:133) DEBUG beans.Board  - E5
2017-09-17 07:34:23,639 [main] (Board.java:133) DEBUG beans.Board  - E6
2017-09-17 07:34:23,639 [main] (Board.java:133) DEBUG beans.Board  - F1
2017-09-17 07:34:23,639 [main] (Board.java:133) DEBUG beans.Board  - F2
2017-09-17 07:34:23,639 [main] (Board.java:133) DEBUG beans.Board  - F3
2017-09-17 07:34:23,640 [main] (Board.java:133) DEBUG beans.Board  - F4
2017-09-17 07:34:23,640 [main] (Board.java:133) DEBUG beans.Board  - F5
2017-09-17 07:34:23,640 [main] (Board.java:133) DEBUG beans.Board  - F6
2017-09-17 07:34:23,640 [main] (Board.java:133) DEBUG beans.Board  - G1
2017-09-17 07:34:23,640 [main] (Board.java:133) DEBUG beans.Board  - G2
2017-09-17 07:34:23,640 [main] (Board.java:133) DEBUG beans.Board  - G3
2017-09-17 07:34:23,640 [main] (Board.java:133) DEBUG beans.Board  - G4
2017-09-17 07:34:23,640 [main] (Board.java:133) DEBUG beans.Board  - G5
2017-09-17 07:34:23,640 [main] (Board.java:133) DEBUG beans.Board  - G6
2017-09-17 23:08:33,660 [main] (Application.java:26) INFO  run.Application  - Application Started
2017-09-17 23:28:16,336 [main] (Application.java:26) INFO  run.Application  - Application Started
2017-09-17 23:28:16,339 [main] (Application.java:28) INFO  run.Application  - -------------------------
|  |  |  |  |  |  |-------------------------
|  |  |  |  |  |  |-------------------------
|  |  |  |  |  |  |-------------------------
|  |  |  |  |  |  |-------------------------
|  |  |  |  |  |  |-------------------------
|  |  |  |  |  |  |
2017-09-17 23:29:09,022 [main] (Application.java:26) INFO  run.Application  - Application Started
2017-09-17 23:29:09,025 [main] (Application.java:28) INFO  run.Application  - -------------------------
|  |  |  |  |  |  |
-------------------------
|  |  |  |  |  |  |
-------------------------
|  |  |  |  |  |  |
-------------------------
|  |  |  |  |  |  |
-------------------------
|  |  |  |  |  |  |
-------------------------
|  |  |  |  |  |  |

2017-09-17 23:29:34,269 [main] (Application.java:26) INFO  run.Application  - Application Started
2017-09-17 23:29:34,272 [main] (Application.java:28) INFO  run.Application  - 
-------------------------
|  |  |  |  |  |  |
-------------------------
|  |  |  |  |  |  |
-------------------------
|  |  |  |  |  |  |
-------------------------
|  |  |  |  |  |  |
-------------------------
|  |  |  |  |  |  |
-------------------------
|  |  |  |  |  |  |

2017-09-17 23:30:06,129 [main] (Application.java:26) INFO  run.Application  - Application Started
2017-09-17 23:30:06,132 [main] (Application.java:28) INFO  run.Application  - 
---------------------
|  |  |  |  |  |  |
---------------------
|  |  |  |  |  |  |
---------------------
|  |  |  |  |  |  |
---------------------
|  |  |  |  |  |  |
---------------------
|  |  |  |  |  |  |
---------------------
|  |  |  |  |  |  |

2017-09-17 23:30:45,997 [main] (Application.java:26) INFO  run.Application  - Application Started
2017-09-17 23:30:45,999 [main] (Application.java:28) INFO  run.Application  - 
------------------------
|  |  |  |  |  |  |
------------------------
|  |  |  |  |  |  |
------------------------
|  |  |  |  |  |  |
------------------------
|  |  |  |  |  |  |
------------------------
|  |  |  |  |  |  |
------------------------
|  |  |  |  |  |  |

2017-09-17 23:30:49,336 [main] (Application.java:26) INFO  run.Application  - Application Started
2017-09-17 23:30:49,339 [main] (Application.java:28) INFO  run.Application  - 
------------------------
|  |  |  |  |  |  |
------------------------
|  |  |  |  |  |  |
------------------------
|  |  |  |  |  |  |
------------------------
|  |  |  |  |  |  |
------------------------
|  |  |  |  |  |  |
------------------------
|  |  |  |  |  |  |

2017-09-17 23:31:27,133 [main] (Application.java:26) INFO  run.Application  - Application Started
2017-09-17 23:31:27,136 [main] (Application.java:28) INFO  run.Application  - 
--------------------
|  |  |  |  |  |  |
--------------------
|  |  |  |  |  |  |
--------------------
|  |  |  |  |  |  |
--------------------
|  |  |  |  |  |  |
--------------------
|  |  |  |  |  |  |
--------------------
|  |  |  |  |  |  |

2017-09-17 23:35:02,128 [main] (Application.java:26) INFO  run.Application  - Application Started
2017-09-17 23:35:02,132 [main] (Application.java:33) INFO  run.Application  - 
--------
|  |  |  |
--------
|  |  |  |
--------
|  |  |  |

------------
|  |  |  |  |
------------
|  |  |  |  |
------------
|  |  |  |  |
------------
|  |  |  |  |

----------------
|  |  |  |  |  |
----------------
|  |  |  |  |  |
----------------
|  |  |  |  |  |
----------------
|  |  |  |  |  |
----------------
|  |  |  |  |  |

--------------------
|  |  |  |  |  |  |
--------------------
|  |  |  |  |  |  |
--------------------
|  |  |  |  |  |  |
--------------------
|  |  |  |  |  |  |
--------------------
|  |  |  |  |  |  |
--------------------
|  |  |  |  |  |  |

------------------------
|  |  |  |  |  |  |  |
------------------------
|  |  |  |  |  |  |  |
------------------------
|  |  |  |  |  |  |  |
------------------------
|  |  |  |  |  |  |  |
------------------------
|  |  |  |  |  |  |  |
------------------------
|  |  |  |  |  |  |  |
------------------------
|  |  |  |  |  |  |  |

----------------------------
|  |  |  |  |  |  |  |  |
----------------------------
|  |  |  |  |  |  |  |  |
----------------------------
|  |  |  |  |  |  |  |  |
----------------------------
|  |  |  |  |  |  |  |  |
----------------------------
|  |  |  |  |  |  |  |  |
----------------------------
|  |  |  |  |  |  |  |  |
----------------------------
|  |  |  |  |  |  |  |  |
----------------------------
|  |  |  |  |  |  |  |  |

2017-09-17 23:35:43,563 [main] (Application.java:26) INFO  run.Application  - Application Started
2017-09-17 23:35:43,566 [main] (Application.java:33) INFO  run.Application  - 
----------
|  |  |  |
----------
|  |  |  |
----------
|  |  |  |

-------------
|  |  |  |  |
-------------
|  |  |  |  |
-------------
|  |  |  |  |
-------------
|  |  |  |  |

----------------
|  |  |  |  |  |
----------------
|  |  |  |  |  |
----------------
|  |  |  |  |  |
----------------
|  |  |  |  |  |
----------------
|  |  |  |  |  |

-------------------
|  |  |  |  |  |  |
-------------------
|  |  |  |  |  |  |
-------------------
|  |  |  |  |  |  |
-------------------
|  |  |  |  |  |  |
-------------------
|  |  |  |  |  |  |
-------------------
|  |  |  |  |  |  |

----------------------
|  |  |  |  |  |  |  |
----------------------
|  |  |  |  |  |  |  |
----------------------
|  |  |  |  |  |  |  |
----------------------
|  |  |  |  |  |  |  |
----------------------
|  |  |  |  |  |  |  |
----------------------
|  |  |  |  |  |  |  |
----------------------
|  |  |  |  |  |  |  |

-------------------------
|  |  |  |  |  |  |  |  |
-------------------------
|  |  |  |  |  |  |  |  |
-------------------------
|  |  |  |  |  |  |  |  |
-------------------------
|  |  |  |  |  |  |  |  |
-------------------------
|  |  |  |  |  |  |  |  |
-------------------------
|  |  |  |  |  |  |  |  |
-------------------------
|  |  |  |  |  |  |  |  |
-------------------------
|  |  |  |  |  |  |  |  |

2017-09-17 23:37:40,207 [main] (Application.java:26) INFO  run.Application  - Application Started
2017-09-17 23:37:40,210 [main] (Application.java:33) INFO  run.Application  - 
----------
|  |  |  |
----------
|  |  |  |
----------
|  |  |  |
----------
-------------
|  |  |  |  |
-------------
|  |  |  |  |
-------------
|  |  |  |  |
-------------
|  |  |  |  |
-------------
----------------
|  |  |  |  |  |
----------------
|  |  |  |  |  |
----------------
|  |  |  |  |  |
----------------
|  |  |  |  |  |
----------------
|  |  |  |  |  |
----------------
-------------------
|  |  |  |  |  |  |
-------------------
|  |  |  |  |  |  |
-------------------
|  |  |  |  |  |  |
-------------------
|  |  |  |  |  |  |
-------------------
|  |  |  |  |  |  |
-------------------
|  |  |  |  |  |  |
-------------------
----------------------
|  |  |  |  |  |  |  |
----------------------
|  |  |  |  |  |  |  |
----------------------
|  |  |  |  |  |  |  |
----------------------
|  |  |  |  |  |  |  |
----------------------
|  |  |  |  |  |  |  |
----------------------
|  |  |  |  |  |  |  |
----------------------
|  |  |  |  |  |  |  |
----------------------
-------------------------
|  |  |  |  |  |  |  |  |
-------------------------
|  |  |  |  |  |  |  |  |
-------------------------
|  |  |  |  |  |  |  |  |
-------------------------
|  |  |  |  |  |  |  |  |
-------------------------
|  |  |  |  |  |  |  |  |
-------------------------
|  |  |  |  |  |  |  |  |
-------------------------
|  |  |  |  |  |  |  |  |
-------------------------
|  |  |  |  |  |  |  |  |
-------------------------
2017-09-17 23:48:23,130 [main] (Application.java:30) INFO  run.Application  - Application Started
2017-09-17 23:48:23,134 [main] (Application.java:39) INFO  run.Application  - 
----------------
| D |  |  |  |  |
----------------
|  |  |  |  |  |
----------------
|  |  |  | D |  |
----------------
|  |/D |  |  |  |
----------------
|  |  |  |  |  |
----------------
2017-09-17 23:50:11,205 [main] (Application.java:30) INFO  run.Application  - Application Started
2017-09-17 23:50:11,208 [main] (Application.java:39) INFO  run.Application  - 
----------------
| B |  |  |  |  |
----------------
|  |  |  |  |  |
----------------
|  |  |  | B |  |
----------------
|  |/B |  |  |  |
----------------
|  |  |  |  |  |
----------------
2017-09-17 23:51:36,977 [main] (Application.java:30) INFO  run.Application  - Application Started
2017-09-17 23:51:36,980 [main] (Application.java:39) INFO  run.Application  - 
----------------
| W |  |  |  |  |
----------------
|  |  |  |  |  |
----------------
|  |  |  | B |  |
----------------
|  |/W |  |  |  |
----------------
|  |  |  |  |  |
----------------
2017-09-17 23:52:07,695 [main] (Application.java:30) INFO  run.Application  - Application Started
2017-09-17 23:52:07,697 [main] (Application.java:39) INFO  run.Application  - 
----------------
| W |  |  |  |  |
----------------
|  |  |  |  |  |
----------------
|  |  |  | B |  |
----------------
|  |/W |  |  |  |
----------------
|  |  |  |  |  |
----------------
2017-09-17 23:53:56,889 [main] (Application.java:30) INFO  run.Application  - Application Started
2017-09-17 23:54:07,023 [main] (Application.java:30) INFO  run.Application  - Application Started
2017-09-17 23:56:55,060 [main] (Application.java:30) INFO  run.Application  - Application Started
2017-09-17 23:56:55,063 [main] (Application.java:39) INFO  run.Application  - 
----------------
| W |  |  |  |  |
----------------
|  |  |  |/W |  |
----------------
|  |  |  |  |  |
----------------
|  |  | B |  |  |
----------------
|  |  |  |  |  |
----------------
2017-09-17 23:58:58,711 [main] (Application.java:30) INFO  run.Application  - Application Started
2017-09-17 23:58:58,714 [main] (Application.java:39) INFO  run.Application  - 
----------------
| W |  |  |  |  |
----------------
|  |  |  |/W |  |
----------------
|  |  |  |  |  |
----------------
|  |  | B |  |  |
----------------
|  |  |  |  |  |
----------------
2017-09-18 00:00:23,989 [main] (Application.java:30) INFO  run.Application  - Application Started
2017-09-18 00:00:23,992 [main] (Application.java:39) INFO  run.Application  - 
----------------
| w |  |  |  |  |
----------------
|  |  |  |/w |  |
----------------
|  |  |  |  |  |
----------------
|  |  | B |  |  |
----------------
|  |  |  |  |  |
----------------
